<?xml version="1.0" encoding="UTF-8"?>
<!-- Generated by org.testng.reporters.JUnitXMLReporter -->
<testsuite ignored="0" hostname="HASEEF" failures="0" tests="10" name="Default test" time="76.326" errors="0" timestamp="2021-06-15T11:17:22 IST">
  <testcase classname="com.nurseryadministrator.testscript.AdminList" name="deactivateAdmin" time="7.031"/>
  <testcase classname="com.nurseryadministrator.testscript.AdminList" name="activateAdmin" time="6.42"/>
  <testcase classname="com.nurseryadministrator.testscript.AdminList" name="filterByName" time="4.498"/>
  <testcase classname="com.nurseryadministrator.testscript.AdminList" name="editNurseryAdmin" time="8.859"/>
  <testcase classname="com.nurseryadministrator.testscript.AdminList" name="filterByStatus" time="4.061"/>
  <testcase classname="com.nurseryadministrator.testscript.AdminList" name="filterByEmail" time="3.248"/>
  <testcase classname="com.nurseryadministrator.testscript.AdminList" name="verifySortForName" time="7.171"/>
  <testcase classname="com.nurseryadministrator.testscript.AdminList" name="verifySortForPhone" time="7.286"/>
  <testcase classname="com.nurseryadministrator.testscript.AdminList" name="verifySortForEmail" time="7.233"/>
  <testcase classname="com.nurseryadministrator.testscript.AdminList" name="verifySortForStatus" time="7.774"/>
</testsuite> <!-- Default test -->
