<?xml version="1.0" encoding="UTF-8"?>
<!-- Generated by org.testng.reporters.JUnitXMLReporter -->
<testsuite ignored="2" hostname="HASEEF" failures="0" tests="2" name="1day" time="26.034" errors="0" timestamp="2021-06-01T14:54:44 IST">
  <testcase classname="com.nurseryadministrator.testscript.GrantTemporaryAdminAccess" name="grantAdminaccessfor1day" time="5.167"/>
  <testcase classname="com.nurseryadministrator.testscript.GrantTemporaryAdminAccess" name="revokeAdminaccess" time="3.554"/>
  <testcase classname="com.nurseryadministrator.testscript.GrantTemporaryAdminAccess" name="grantAdminaccessfor3day" time="0.0">
    <ignored/>
  </testcase> <!-- grantAdminaccessfor3day -->
  <testcase classname="com.nurseryadministrator.testscript.GrantTemporaryAdminAccess" name="grantAdminaccessfor1Week" time="0.0">
    <ignored/>
  </testcase> <!-- grantAdminaccessfor1Week -->
</testsuite> <!-- 1day -->
