<?xml version="1.0" encoding="UTF-8"?>
<!-- Generated by org.testng.reporters.JUnitXMLReporter -->
<testsuite ignored="2" hostname="HASEEF" failures="0" tests="2" name="1day Access" time="25.133" errors="0" timestamp="2021-06-15T12:51:45 IST">
  <testcase classname="com.nurseryadministrator.testscript.GrantTemporaryAdminAccess" name="grantAdminaccessfor1day" time="5.581"/>
  <testcase classname="com.nurseryadministrator.testscript.GrantTemporaryAdminAccess" name="revokeAdminaccess" time="3.671"/>
  <testcase classname="com.nurseryadministrator.testscript.GrantTemporaryAdminAccess" name="grantAdminaccessfor3day" time="0.0">
    <ignored/>
  </testcase> <!-- grantAdminaccessfor3day -->
  <testcase classname="com.nurseryadministrator.testscript.GrantTemporaryAdminAccess" name="grantAdminaccessfor1Week" time="0.0">
    <ignored/>
  </testcase> <!-- grantAdminaccessfor1Week -->
</testsuite> <!-- 1day Access -->
