<?xml version="1.0" encoding="UTF-8"?>
<!-- Generated by org.testng.reporters.JUnitXMLReporter -->
<testsuite ignored="0" hostname="HASEEF" failures="0" tests="3" name="Add Admin" time="31.297" errors="0" timestamp="2021-06-15T12:49:54 IST">
  <testcase classname="com.nurseryadministrator.testscript.AddNurseryAdmin" name="verifyMandatoryMsgVisible" time="2.393"/>
  <testcase classname="com.nurseryadministrator.testscript.AddNurseryAdmin" name="addNurseryAdmin" time="8.491"/>
  <testcase classname="com.nurseryadministrator.testscript.AddNurseryAdmin" name="viewAdminDetails" time="4.996"/>
</testsuite> <!-- Add Admin -->
