<?xml version="1.0" encoding="UTF-8"?>
<!-- Generated by org.testng.reporters.JUnitXMLReporter -->
<testsuite ignored="0" hostname="HASEEF" failures="0" tests="3" name="Add Student" time="49.776" errors="0" timestamp="2021-06-21T11:49:26 IST">
  <testcase classname="com.nurseryadministrator.testscript.AddStudent" name="verifyMandatoryMsgVisible" time="2.315"/>
  <testcase classname="com.nurseryadministrator.testscript.AddStudent" name="addStudent" time="25.491"/>
  <testcase classname="com.nurseryadministrator.testscript.AddStudent" name="viewStudentDetails" time="6.211"/>
</testsuite> <!-- Add Student -->
