<?xml version="1.0" encoding="UTF-8"?>
<!-- Generated by org.testng.reporters.JUnitXMLReporter -->
<testsuite ignored="4" hostname="HASEEF" failures="0" tests="1" name="Add Group - add students and employees" time="33.819" errors="0" timestamp="2021-05-14T12:53:20 IST">
  <testcase classname="com.nurseryadministrator.testscript.AddGroup" name="assignStudentsAndEmployees" time="24.397"/>
  <testcase classname="com.nurseryadministrator.testscript.AddGroup" name="addToddlersGroup" time="0.0">
    <ignored/>
  </testcase> <!-- addToddlersGroup -->
  <testcase classname="com.nurseryadministrator.testscript.AddGroup" name="deleteStudentsAndEmployees" time="0.0">
    <ignored/>
  </testcase> <!-- deleteStudentsAndEmployees -->
  <testcase classname="com.nurseryadministrator.testscript.AddGroup" name="addPreKGGroup" time="0.0">
    <ignored/>
  </testcase> <!-- addPreKGGroup -->
  <testcase classname="com.nurseryadministrator.testscript.AddGroup" name="addBabiesGroup" time="0.0">
    <ignored/>
  </testcase> <!-- addBabiesGroup -->
</testsuite> <!-- Add Group - add students and employees -->
