<?xml version="1.0" encoding="UTF-8"?>
<!-- Generated by org.testng.reporters.JUnitXMLReporter -->
<testsuite ignored="6" hostname="HASEEF" failures="0" tests="2" name="Add Employee" time="24.676" errors="0" timestamp="2021-06-22T11:41:11 IST">
  <testcase classname="com.nurseryadministrator.testscript.AddEmployee" name="verifyMandatoryMsgVisibile" time="2.392"/>
  <testcase classname="com.nurseryadministrator.testscript.AddEmployee" name="addEmployeeWithAllRoles" time="7.846"/>
  <testcase classname="com.nurseryadministrator.testscript.AddEmployee" name="addEmployeeAsTeacherAndAssistant" time="0.0">
    <ignored/>
  </testcase> <!-- addEmployeeAsTeacherAndAssistant -->
  <testcase classname="com.nurseryadministrator.testscript.AddEmployee" name="addEmployeeAsNurse" time="0.0">
    <ignored/>
  </testcase> <!-- addEmployeeAsNurse -->
  <testcase classname="com.nurseryadministrator.testscript.AddEmployee" name="addEmployeeAsTeacher" time="0.0">
    <ignored/>
  </testcase> <!-- addEmployeeAsTeacher -->
  <testcase classname="com.nurseryadministrator.testscript.AddEmployee" name="addEmployeeAsTeacherAndNurse" time="0.0">
    <ignored/>
  </testcase> <!-- addEmployeeAsTeacherAndNurse -->
  <testcase classname="com.nurseryadministrator.testscript.AddEmployee" name="addEmployeeAsAssistant" time="0.0">
    <ignored/>
  </testcase> <!-- addEmployeeAsAssistant -->
  <testcase classname="com.nurseryadministrator.testscript.AddEmployee" name="addEmployeeAsAssistantAndNurse" time="0.0">
    <ignored/>
  </testcase> <!-- addEmployeeAsAssistantAndNurse -->
</testsuite> <!-- Add Employee -->
