<?xml version="1.0" encoding="UTF-8"?>
<!-- Generated by org.testng.reporters.JUnitXMLReporter -->
<testsuite ignored="4" hostname="HASEEF" failures="0" tests="2" name="Add Group" time="22.331" errors="0" timestamp="2021-06-22T11:40:12 IST">
  <testcase classname="com.nurseryadministrator.testscript.AddGroup" name="verifyMandatoryMsgVisible" time="1.768"/>
  <testcase classname="com.nurseryadministrator.testscript.AddGroup" name="addBabiesGroup" time="6.392"/>
  <testcase classname="com.nurseryadministrator.testscript.AddGroup" name="addToddlersGroup" time="0.0">
    <ignored/>
  </testcase> <!-- addToddlersGroup -->
  <testcase classname="com.nurseryadministrator.testscript.AddGroup" name="deleteStudentsAndEmployees" time="0.0">
    <ignored/>
  </testcase> <!-- deleteStudentsAndEmployees -->
  <testcase classname="com.nurseryadministrator.testscript.AddGroup" name="addPreKGGroup" time="0.0">
    <ignored/>
  </testcase> <!-- addPreKGGroup -->
  <testcase classname="com.nurseryadministrator.testscript.AddGroup" name="assignStudentsAndEmployees" time="0.0">
    <ignored/>
  </testcase> <!-- assignStudentsAndEmployees -->
</testsuite> <!-- Add Group -->
