<?xml version="1.0" encoding="UTF-8"?>
<!-- Generated by org.testng.reporters.JUnitXMLReporter -->
<testsuite ignored="0" hostname="HASEEF" failures="0" tests="7" name="Create Payment Request" time="90.949" errors="0" timestamp="2021-06-15T12:47:23 IST">
  <testcase classname="com.nurseryadministrator.testscript.RequestPayment" name="verifyMandatoryMsgVisibile" time="2.592"/>
  <testcase classname="com.nurseryadministrator.testscript.RequestPayment" name="createPaymentRequest" time="20.448"/>
  <testcase classname="com.nurseryadministrator.testscript.RequestPayment" name="viewPaymentDetails" time="16.833"/>
  <testcase classname="com.nurseryadministrator.testscript.RequestPayment" name="acceptPayment" time="8.701"/>
  <testcase classname="com.nurseryadministrator.testscript.RequestPayment" name="refundPayment" time="8.771"/>
  <testcase classname="com.nurseryadministrator.testscript.RequestPayment" name="cancelPayment" time="8.16"/>
  <testcase classname="com.nurseryadministrator.testscript.RequestPayment" name="verifyPaymentActions" time="8.445"/>
</testsuite> <!-- Create Payment Request -->
