<?xml version="1.0" encoding="UTF-8"?>
<!-- Generated by org.testng.reporters.JUnitXMLReporter -->
<testsuite ignored="8" hostname="HASEEF" failures="0" tests="3" name="Group List" time="34.177" errors="0" timestamp="2021-06-22T11:40:46 IST">
  <testcase classname="com.nurseryadministrator.testscript.GroupList" name="deactivateGroup" time="6.976"/>
  <testcase classname="com.nurseryadministrator.testscript.GroupList" name="activateGroup" time="6.067"/>
  <testcase classname="com.nurseryadministrator.testscript.GroupList" name="filterByGroupType" time="6.302"/>
  <testcase classname="com.nurseryadministrator.testscript.GroupList" name="verifySortForTeacher" time="0.0">
    <ignored/>
  </testcase> <!-- verifySortForTeacher -->
  <testcase classname="com.nurseryadministrator.testscript.GroupList" name="verifySortForGroupType" time="0.0">
    <ignored/>
  </testcase> <!-- verifySortForGroupType -->
  <testcase classname="com.nurseryadministrator.testscript.GroupList" name="verifySortGrpName" time="0.0">
    <ignored/>
  </testcase> <!-- verifySortGrpName -->
  <testcase classname="com.nurseryadministrator.testscript.GroupList" name="filterByStatus" time="0.0">
    <ignored/>
  </testcase> <!-- filterByStatus -->
  <testcase classname="com.nurseryadministrator.testscript.GroupList" name="verifySortForStatus" time="0.0">
    <ignored/>
  </testcase> <!-- verifySortForStatus -->
  <testcase classname="com.nurseryadministrator.testscript.GroupList" name="listAndViewGroupDetails" time="0.0">
    <ignored/>
  </testcase> <!-- listAndViewGroupDetails -->
  <testcase classname="com.nurseryadministrator.testscript.GroupList" name="filterByGroupName" time="0.0">
    <ignored/>
  </testcase> <!-- filterByGroupName -->
  <testcase classname="com.nurseryadministrator.testscript.GroupList" name="editAndViewGroupDetails" time="0.0">
    <ignored/>
  </testcase> <!-- editAndViewGroupDetails -->
</testsuite> <!-- Group List -->
