<?xml version="1.0" encoding="UTF-8"?>
<!-- Generated by org.testng.reporters.JUnitXMLReporter -->
<testsuite ignored="0" hostname="HASEEF" failures="0" tests="9" name="List Teacher Details" time="79.919" errors="0" timestamp="2021-06-15T12:43:05 IST">
  <testcase classname="com.nurseryadministrator.testscript.TeacherList" name="viewTeacherDetails" time="5.303"/>
  <testcase classname="com.nurseryadministrator.testscript.TeacherList" name="deactivateTeacher" time="5.829"/>
  <testcase classname="com.nurseryadministrator.testscript.TeacherList" name="activateTeacher" time="7.171"/>
  <testcase classname="com.nurseryadministrator.testscript.TeacherList" name="filterByName" time="5.061"/>
  <testcase classname="com.nurseryadministrator.testscript.TeacherList" name="editAndViewTeacherDetails" time="12.439"/>
  <testcase classname="com.nurseryadministrator.testscript.TeacherList" name="filterByGroupName" time="4.056"/>
  <testcase classname="com.nurseryadministrator.testscript.TeacherList" name="verifySorForName" time="8.191"/>
  <testcase classname="com.nurseryadministrator.testscript.TeacherList" name="verifySorForPhone" time="7.427"/>
  <testcase classname="com.nurseryadministrator.testscript.TeacherList" name="verifySorForStatus" time="7.509"/>
</testsuite> <!-- List Teacher Details -->
