<?xml version="1.0" encoding="UTF-8"?>
<!-- Generated by org.testng.reporters.JUnitXMLReporter -->
<testsuite ignored="0" hostname="HASEEF" failures="0" tests="8" name="List Nurse Details" time="80.197" errors="0" timestamp="2021-06-15T12:44:25 IST">
  <testcase classname="com.nurseryadministrator.testscript.NurseList" name="viewNurseDetails" time="5.701"/>
  <testcase classname="com.nurseryadministrator.testscript.NurseList" name="deactivateNurse" time="7.737"/>
  <testcase classname="com.nurseryadministrator.testscript.NurseList" name="activateNurse" time="7.632"/>
  <testcase classname="com.nurseryadministrator.testscript.NurseList" name="filterByName" time="5.17"/>
  <testcase classname="com.nurseryadministrator.testscript.NurseList" name="editAndViewNurseDetails" time="12.316"/>
  <testcase classname="com.nurseryadministrator.testscript.NurseList" name="verifySorForName" time="8.979"/>
  <testcase classname="com.nurseryadministrator.testscript.NurseList" name="verifySorForPhone" time="7.721"/>
  <testcase classname="com.nurseryadministrator.testscript.NurseList" name="verifySorForStatus" time="7.793"/>
</testsuite> <!-- List Nurse Details -->
