<?xml version="1.0" encoding="UTF-8"?>
<!-- Generated by org.testng.reporters.JUnitXMLReporter -->
<testsuite ignored="0" hostname="HASEEF" failures="0" tests="9" name="List Assistant Details" time="86.451" errors="0" timestamp="2021-06-15T12:45:51 IST">
  <testcase classname="com.nurseryadministrator.testscript.AssistantList" name="viewAssistantDetails" time="5.919"/>
  <testcase classname="com.nurseryadministrator.testscript.AssistantList" name="deactivateAssistant" time="8.48"/>
  <testcase classname="com.nurseryadministrator.testscript.AssistantList" name="activateAssistant" time="8.64"/>
  <testcase classname="com.nurseryadministrator.testscript.AssistantList" name="filterByName" time="5.657"/>
  <testcase classname="com.nurseryadministrator.testscript.AssistantList" name="editAndViewAssistantDetails" time="12.497"/>
  <testcase classname="com.nurseryadministrator.testscript.AssistantList" name="filterByGroupName" time="4.254"/>
  <testcase classname="com.nurseryadministrator.testscript.AssistantList" name="verifySorForName" time="7.513"/>
  <testcase classname="com.nurseryadministrator.testscript.AssistantList" name="verifySorForPhone" time="7.871"/>
  <testcase classname="com.nurseryadministrator.testscript.AssistantList" name="verifySorForStatus" time="7.758"/>
</testsuite> <!-- List Assistant Details -->
