<?xml version="1.0" encoding="UTF-8"?>
<!-- Generated by org.testng.reporters.JUnitXMLReporter -->
<testsuite ignored="0" hostname="HASEEF" failures="0" tests="10" name="List Admin" time="85.583" errors="0" timestamp="2021-06-15T12:51:20 IST">
  <testcase classname="com.nurseryadministrator.testscript.AdminList" name="deactivateAdmin" time="7.109"/>
  <testcase classname="com.nurseryadministrator.testscript.AdminList" name="activateAdmin" time="6.909"/>
  <testcase classname="com.nurseryadministrator.testscript.AdminList" name="filterByName" time="5.348"/>
  <testcase classname="com.nurseryadministrator.testscript.AdminList" name="editNurseryAdmin" time="10.717"/>
  <testcase classname="com.nurseryadministrator.testscript.AdminList" name="filterByStatus" time="4.259"/>
  <testcase classname="com.nurseryadministrator.testscript.AdminList" name="filterByEmail" time="3.495"/>
  <testcase classname="com.nurseryadministrator.testscript.AdminList" name="verifySortForName" time="7.667"/>
  <testcase classname="com.nurseryadministrator.testscript.AdminList" name="verifySortForPhone" time="8.161"/>
  <testcase classname="com.nurseryadministrator.testscript.AdminList" name="verifySortForEmail" time="7.685"/>
  <testcase classname="com.nurseryadministrator.testscript.AdminList" name="verifySortForStatus" time="7.744"/>
</testsuite> <!-- List Admin -->
