<?xml version="1.0" encoding="UTF-8"?>
<!-- Generated by org.testng.reporters.JUnitXMLReporter -->
<testsuite ignored="0" hostname="HASEEF" failures="0" tests="4" name="Login" time="26.593" errors="0" timestamp="2021-06-15T12:34:50 IST">
  <testcase classname="com.nurseryadministrator.testscript.LogIn" name="invalidEmail" time="3.899"/>
  <testcase classname="com.nurseryadministrator.testscript.LogIn" name="invalidCredentials" time="4.721"/>
  <testcase classname="com.nurseryadministrator.testscript.LogIn" name="noCredentials" time="3.303"/>
  <testcase classname="com.nurseryadministrator.testscript.LogIn" name="validCredentials" time="12.865"/>
</testsuite> <!-- Login -->
