<?xml version="1.0" encoding="UTF-8"?>
<!-- Generated by org.testng.reporters.JUnitXMLReporter -->
<testsuite ignored="0" hostname="HASEEF" failures="0" tests="9" name="Payment Request List" time="80.147" errors="0" timestamp="2021-06-15T12:48:43 IST">
  <testcase classname="com.nurseryadministrator.testscript.PaymentRequestList" name="filterByStatus" time="5.662"/>
  <testcase classname="com.nurseryadministrator.testscript.PaymentRequestList" name="filterByPaymentName" time="4.034"/>
  <testcase classname="com.nurseryadministrator.testscript.PaymentRequestList" name="filterByStudentName" time="5.676"/>
  <testcase classname="com.nurseryadministrator.testscript.PaymentRequestList" name="filterByDate" time="4.621"/>
  <testcase classname="com.nurseryadministrator.testscript.PaymentRequestList" name="filterByGroupName" time="10.669"/>
  <testcase classname="com.nurseryadministrator.testscript.PaymentRequestList" name="verifySortTitle" time="7.775"/>
  <testcase classname="com.nurseryadministrator.testscript.PaymentRequestList" name="verifySortStudentName" time="7.993"/>
  <testcase classname="com.nurseryadministrator.testscript.PaymentRequestList" name="verifySortDueDate" time="8.189"/>
  <testcase classname="com.nurseryadministrator.testscript.PaymentRequestList" name="verifySortStatus" time="7.862"/>
</testsuite> <!-- Payment Request List -->
