<?xml version="1.0" encoding="UTF-8"?>
<!-- Generated by org.testng.reporters.JUnitXMLReporter -->
<testsuite ignored="0" hostname="HASEEF" failures="0" tests="16" name="Student List" time="120.923" errors="0" timestamp="2021-06-15T12:41:05 IST">
  <testcase classname="com.nurseryadministrator.testscript.StudentList" name="deactivateStudent" time="8.083"/>
  <testcase classname="com.nurseryadministrator.testscript.StudentList" name="activateStudent" time="7.836"/>
  <testcase classname="com.nurseryadministrator.testscript.StudentList" name="editAndViewStudentDetails" time="10.183"/>
  <testcase classname="com.nurseryadministrator.testscript.StudentList" name="filterByFirstName" time="4.008"/>
  <testcase classname="com.nurseryadministrator.testscript.StudentList" name="filterByLastName" time="3.527"/>
  <testcase classname="com.nurseryadministrator.testscript.StudentList" name="filterByParent1Name" time="3.94"/>
  <testcase classname="com.nurseryadministrator.testscript.StudentList" name="filterByStatus" time="3.068"/>
  <testcase classname="com.nurseryadministrator.testscript.StudentList" name="filterByGroupName" time="3.29"/>
  <testcase classname="com.nurseryadministrator.testscript.StudentList" name="filterByGroupType" time="3.078"/>
  <testcase classname="com.nurseryadministrator.testscript.StudentList" name="verifySortFirstName" time="8.354"/>
  <testcase classname="com.nurseryadministrator.testscript.StudentList" name="verifySortLasttName" time="7.729"/>
  <testcase classname="com.nurseryadministrator.testscript.StudentList" name="verifySortParent1Name" time="8.239"/>
  <testcase classname="com.nurseryadministrator.testscript.StudentList" name="verifySortParent2Name" time="7.98"/>
  <testcase classname="com.nurseryadministrator.testscript.StudentList" name="verifySortGroupName" time="7.929"/>
  <testcase classname="com.nurseryadministrator.testscript.StudentList" name="verifySortGroupType" time="7.745"/>
  <testcase classname="com.nurseryadministrator.testscript.StudentList" name="verifySortForStatus" time="7.601"/>
</testsuite> <!-- Student List -->
