<?xml version="1.0" encoding="UTF-8"?>
<!-- Generated by org.testng.reporters.JUnitXMLReporter -->
<testsuite ignored="6" hostname="HASEEF" failures="0" tests="3" name="Teacher List" time="33.526" errors="0" timestamp="2021-06-22T11:41:44 IST">
  <testcase classname="com.nurseryadministrator.testscript.TeacherList" name="viewTeacherDetails" time="5.064"/>
  <testcase classname="com.nurseryadministrator.testscript.TeacherList" name="deactivateTeacher" time="5.956"/>
  <testcase classname="com.nurseryadministrator.testscript.TeacherList" name="activateTeacher" time="7.166"/>
  <testcase classname="com.nurseryadministrator.testscript.TeacherList" name="verifySorForName" time="0.0">
    <ignored/>
  </testcase> <!-- verifySorForName -->
  <testcase classname="com.nurseryadministrator.testscript.TeacherList" name="filterByGroupName" time="0.0">
    <ignored/>
  </testcase> <!-- filterByGroupName -->
  <testcase classname="com.nurseryadministrator.testscript.TeacherList" name="verifySorForPhone" time="0.0">
    <ignored/>
  </testcase> <!-- verifySorForPhone -->
  <testcase classname="com.nurseryadministrator.testscript.TeacherList" name="filterByName" time="0.0">
    <ignored/>
  </testcase> <!-- filterByName -->
  <testcase classname="com.nurseryadministrator.testscript.TeacherList" name="editAndViewTeacherDetails" time="0.0">
    <ignored/>
  </testcase> <!-- editAndViewTeacherDetails -->
  <testcase classname="com.nurseryadministrator.testscript.TeacherList" name="verifySorForStatus" time="0.0">
    <ignored/>
  </testcase> <!-- verifySorForStatus -->
</testsuite> <!-- Teacher List -->
