<?xml version="1.0" encoding="UTF-8"?>
<testng-results ignored="24" total="35" passed="11" failed="0" skipped="0">
  <reporter-output>
  </reporter-output>
  <suite started-at="2021-06-22T11:39:33 IST" name="Suite" finished-at="2021-06-22T11:41:44 IST" duration-ms="131647">
    <groups>
    </groups>
    <test started-at="2021-06-22T11:39:33 IST" name="Dashboard" finished-at="2021-06-22T11:39:49 IST" duration-ms="16630">
      <class name="com.nurseryadministrator.testscript.Dashboard">
        <test-method is-config="true" signature="initialize()[pri:0, instance:com.nurseryadministrator.testscript.Dashboard@1613674b]" started-at="2021-06-22T11:39:33 IST" name="initialize" finished-at="2021-06-22T11:39:44 IST" duration-ms="11165" status="PASS">
          <reporter-output>
          </reporter-output>
        </test-method> <!-- initialize -->
        <test-method signature="verifyDashboard()[pri:1, instance:com.nurseryadministrator.testscript.Dashboard@1613674b]" started-at="2021-06-22T11:39:44 IST" name="verifyDashboard" finished-at="2021-06-22T11:39:44 IST" duration-ms="287" status="PASS">
          <reporter-output>
          </reporter-output>
        </test-method> <!-- verifyDashboard -->
        <test-method is-config="true" signature="testReportResult(org.testng.ITestResult)[pri:0, instance:com.nurseryadministrator.testscript.Dashboard@1613674b]" started-at="2021-06-22T11:39:44 IST" name="testReportResult" finished-at="2021-06-22T11:39:44 IST" duration-ms="159" status="PASS">
          <params>
            <param index="0">
              <value>
                <![CDATA[[TestResult name=verifyDashboard status=SUCCESS method=Dashboard.verifyDashboard()[pri:1, instance:com.nurseryadministrator.testscript.Dashboard@1613674b] output={null}]]]>
              </value>
            </param>
          </params>
          <reporter-output>
          </reporter-output>
        </test-method> <!-- testReportResult -->
        <test-method is-config="true" signature="signOut()[pri:0, instance:com.nurseryadministrator.testscript.Dashboard@1613674b]" started-at="2021-06-22T11:39:44 IST" name="signOut" finished-at="2021-06-22T11:39:49 IST" duration-ms="4952" status="PASS">
          <reporter-output>
          </reporter-output>
        </test-method> <!-- signOut -->
      </class> <!-- com.nurseryadministrator.testscript.Dashboard -->
    </test> <!-- Dashboard -->
    <test started-at="2021-06-22T11:39:49 IST" name="Add Group" finished-at="2021-06-22T11:40:12 IST" duration-ms="22331">
      <class name="com.nurseryadministrator.testscript.AddGroup">
        <test-method is-config="true" signature="initialize()[pri:0, instance:com.nurseryadministrator.testscript.AddGroup@4bb33f74]" started-at="2021-06-22T11:39:49 IST" name="initialize" finished-at="2021-06-22T11:40:03 IST" duration-ms="13599" status="PASS">
          <reporter-output>
          </reporter-output>
        </test-method> <!-- initialize -->
        <test-method signature="verifyMandatoryMsgVisible()[pri:0, instance:com.nurseryadministrator.testscript.AddGroup@4bb33f74]" started-at="2021-06-22T11:40:03 IST" name="verifyMandatoryMsgVisible" finished-at="2021-06-22T11:40:05 IST" duration-ms="1768" status="PASS">
          <reporter-output>
          </reporter-output>
        </test-method> <!-- verifyMandatoryMsgVisible -->
        <test-method is-config="true" signature="testReportResult(org.testng.ITestResult)[pri:0, instance:com.nurseryadministrator.testscript.AddGroup@4bb33f74]" started-at="2021-06-22T11:40:05 IST" name="testReportResult" finished-at="2021-06-22T11:40:05 IST" duration-ms="137" status="PASS">
          <params>
            <param index="0">
              <value>
                <![CDATA[[TestResult name=verifyMandatoryMsgVisible status=SUCCESS method=AddGroup.verifyMandatoryMsgVisible()[pri:0, instance:com.nurseryadministrator.testscript.AddGroup@4bb33f74] output={null}]]]>
              </value>
            </param>
          </params>
          <reporter-output>
          </reporter-output>
        </test-method> <!-- testReportResult -->
        <test-method signature="addBabiesGroup()[pri:0, instance:com.nurseryadministrator.testscript.AddGroup@4bb33f74]" started-at="2021-06-22T11:40:05 IST" name="addBabiesGroup" finished-at="2021-06-22T11:40:11 IST" duration-ms="6392" status="PASS">
          <reporter-output>
          </reporter-output>
        </test-method> <!-- addBabiesGroup -->
        <test-method is-config="true" signature="testReportResult(org.testng.ITestResult)[pri:0, instance:com.nurseryadministrator.testscript.AddGroup@4bb33f74]" started-at="2021-06-22T11:40:11 IST" name="testReportResult" finished-at="2021-06-22T11:40:11 IST" duration-ms="150" status="PASS">
          <params>
            <param index="0">
              <value>
                <![CDATA[[TestResult name=addBabiesGroup status=SUCCESS method=AddGroup.addBabiesGroup()[pri:0, instance:com.nurseryadministrator.testscript.AddGroup@4bb33f74] output={null}]]]>
              </value>
            </param>
          </params>
          <reporter-output>
          </reporter-output>
        </test-method> <!-- testReportResult -->
        <test-method is-config="true" signature="signOut()[pri:0, instance:com.nurseryadministrator.testscript.AddGroup@4bb33f74]" started-at="2021-06-22T11:40:11 IST" name="signOut" finished-at="2021-06-22T11:40:12 IST" duration-ms="257" status="PASS">
          <reporter-output>
          </reporter-output>
        </test-method> <!-- signOut -->
      </class> <!-- com.nurseryadministrator.testscript.AddGroup -->
    </test> <!-- Add Group -->
    <test started-at="2021-06-22T11:40:12 IST" name="Group List" finished-at="2021-06-22T11:40:46 IST" duration-ms="34177">
      <class name="com.nurseryadministrator.testscript.GroupList">
        <test-method is-config="true" signature="initialize()[pri:0, instance:com.nurseryadministrator.testscript.GroupList@78123e82]" started-at="2021-06-22T11:40:12 IST" name="initialize" finished-at="2021-06-22T11:40:26 IST" duration-ms="14089" status="PASS">
          <reporter-output>
          </reporter-output>
        </test-method> <!-- initialize -->
        <test-method signature="deactivateGroup()[pri:2, instance:com.nurseryadministrator.testscript.GroupList@78123e82]" started-at="2021-06-22T11:40:26 IST" name="deactivateGroup" finished-at="2021-06-22T11:40:33 IST" duration-ms="6976" status="PASS">
          <reporter-output>
          </reporter-output>
        </test-method> <!-- deactivateGroup -->
        <test-method is-config="true" signature="testReportResult(org.testng.ITestResult)[pri:0, instance:com.nurseryadministrator.testscript.GroupList@78123e82]" started-at="2021-06-22T11:40:33 IST" name="testReportResult" finished-at="2021-06-22T11:40:33 IST" duration-ms="133" status="PASS">
          <params>
            <param index="0">
              <value>
                <![CDATA[[TestResult name=deactivateGroup status=SUCCESS method=GroupList.deactivateGroup()[pri:2, instance:com.nurseryadministrator.testscript.GroupList@78123e82] output={null}]]]>
              </value>
            </param>
          </params>
          <reporter-output>
          </reporter-output>
        </test-method> <!-- testReportResult -->
        <test-method signature="activateGroup()[pri:3, instance:com.nurseryadministrator.testscript.GroupList@78123e82]" started-at="2021-06-22T11:40:33 IST" name="activateGroup" finished-at="2021-06-22T11:40:39 IST" duration-ms="6067" status="PASS">
          <reporter-output>
          </reporter-output>
        </test-method> <!-- activateGroup -->
        <test-method is-config="true" signature="testReportResult(org.testng.ITestResult)[pri:0, instance:com.nurseryadministrator.testscript.GroupList@78123e82]" started-at="2021-06-22T11:40:39 IST" name="testReportResult" finished-at="2021-06-22T11:40:39 IST" duration-ms="147" status="PASS">
          <params>
            <param index="0">
              <value>
                <![CDATA[[TestResult name=activateGroup status=SUCCESS method=GroupList.activateGroup()[pri:3, instance:com.nurseryadministrator.testscript.GroupList@78123e82] output={null}]]]>
              </value>
            </param>
          </params>
          <reporter-output>
          </reporter-output>
        </test-method> <!-- testReportResult -->
        <test-method signature="filterByGroupType()[pri:6, instance:com.nurseryadministrator.testscript.GroupList@78123e82]" started-at="2021-06-22T11:40:39 IST" name="filterByGroupType" finished-at="2021-06-22T11:40:45 IST" duration-ms="6302" status="PASS">
          <reporter-output>
          </reporter-output>
        </test-method> <!-- filterByGroupType -->
        <test-method is-config="true" signature="testReportResult(org.testng.ITestResult)[pri:0, instance:com.nurseryadministrator.testscript.GroupList@78123e82]" started-at="2021-06-22T11:40:45 IST" name="testReportResult" finished-at="2021-06-22T11:40:46 IST" duration-ms="167" status="PASS">
          <params>
            <param index="0">
              <value>
                <![CDATA[[TestResult name=filterByGroupType status=SUCCESS method=GroupList.filterByGroupType()[pri:6, instance:com.nurseryadministrator.testscript.GroupList@78123e82] output={null}]]]>
              </value>
            </param>
          </params>
          <reporter-output>
          </reporter-output>
        </test-method> <!-- testReportResult -->
        <test-method is-config="true" signature="signOut()[pri:0, instance:com.nurseryadministrator.testscript.GroupList@78123e82]" started-at="2021-06-22T11:40:46 IST" name="signOut" finished-at="2021-06-22T11:40:46 IST" duration-ms="279" status="PASS">
          <reporter-output>
          </reporter-output>
        </test-method> <!-- signOut -->
      </class> <!-- com.nurseryadministrator.testscript.GroupList -->
    </test> <!-- Group List -->
    <test started-at="2021-06-22T11:40:46 IST" name="Add Employee" finished-at="2021-06-22T11:41:11 IST" duration-ms="24676">
      <class name="com.nurseryadministrator.testscript.AddEmployee">
        <test-method is-config="true" signature="initialize()[pri:0, instance:com.nurseryadministrator.testscript.AddEmployee@16610890]" started-at="2021-06-22T11:40:46 IST" name="initialize" finished-at="2021-06-22T11:41:00 IST" duration-ms="13735" status="PASS">
          <reporter-output>
          </reporter-output>
        </test-method> <!-- initialize -->
        <test-method signature="verifyMandatoryMsgVisibile()[pri:1, instance:com.nurseryadministrator.testscript.AddEmployee@16610890]" started-at="2021-06-22T11:41:00 IST" name="verifyMandatoryMsgVisibile" finished-at="2021-06-22T11:41:02 IST" duration-ms="2392" status="PASS">
          <reporter-output>
          </reporter-output>
        </test-method> <!-- verifyMandatoryMsgVisibile -->
        <test-method is-config="true" signature="testReportResult(org.testng.ITestResult)[pri:0, instance:com.nurseryadministrator.testscript.AddEmployee@16610890]" started-at="2021-06-22T11:41:02 IST" name="testReportResult" finished-at="2021-06-22T11:41:02 IST" duration-ms="185" status="PASS">
          <params>
            <param index="0">
              <value>
                <![CDATA[[TestResult name=verifyMandatoryMsgVisibile status=SUCCESS method=AddEmployee.verifyMandatoryMsgVisibile()[pri:1, instance:com.nurseryadministrator.testscript.AddEmployee@16610890] output={null}]]]>
              </value>
            </param>
          </params>
          <reporter-output>
          </reporter-output>
        </test-method> <!-- testReportResult -->
        <test-method signature="addEmployeeWithAllRoles()[pri:8, instance:com.nurseryadministrator.testscript.AddEmployee@16610890]" started-at="2021-06-22T11:41:02 IST" name="addEmployeeWithAllRoles" finished-at="2021-06-22T11:41:10 IST" duration-ms="7846" status="PASS">
          <reporter-output>
          </reporter-output>
        </test-method> <!-- addEmployeeWithAllRoles -->
        <test-method is-config="true" signature="testReportResult(org.testng.ITestResult)[pri:0, instance:com.nurseryadministrator.testscript.AddEmployee@16610890]" started-at="2021-06-22T11:41:10 IST" name="testReportResult" finished-at="2021-06-22T11:41:10 IST" duration-ms="224" status="PASS">
          <params>
            <param index="0">
              <value>
                <![CDATA[[TestResult name=addEmployeeWithAllRoles status=SUCCESS method=AddEmployee.addEmployeeWithAllRoles()[pri:8, instance:com.nurseryadministrator.testscript.AddEmployee@16610890] output={null}]]]>
              </value>
            </param>
          </params>
          <reporter-output>
          </reporter-output>
        </test-method> <!-- testReportResult -->
        <test-method is-config="true" signature="signOut()[pri:0, instance:com.nurseryadministrator.testscript.AddEmployee@16610890]" started-at="2021-06-22T11:41:10 IST" name="signOut" finished-at="2021-06-22T11:41:11 IST" duration-ms="278" status="PASS">
          <reporter-output>
          </reporter-output>
        </test-method> <!-- signOut -->
      </class> <!-- com.nurseryadministrator.testscript.AddEmployee -->
    </test> <!-- Add Employee -->
    <test started-at="2021-06-22T11:41:11 IST" name="Teacher List" finished-at="2021-06-22T11:41:44 IST" duration-ms="33526">
      <class name="com.nurseryadministrator.testscript.TeacherList">
        <test-method is-config="true" signature="start()[pri:0, instance:com.nurseryadministrator.testscript.TeacherList@4229bb3f]" started-at="2021-06-22T11:39:23 IST" name="start" finished-at="2021-06-22T11:39:33 IST" duration-ms="9255" status="PASS">
          <reporter-output>
          </reporter-output>
        </test-method> <!-- start -->
        <test-method is-config="true" signature="initialize()[pri:0, instance:com.nurseryadministrator.testscript.TeacherList@4229bb3f]" started-at="2021-06-22T11:41:11 IST" name="initialize" finished-at="2021-06-22T11:41:25 IST" duration-ms="14545" status="PASS">
          <reporter-output>
          </reporter-output>
        </test-method> <!-- initialize -->
        <test-method signature="viewTeacherDetails()[pri:1, instance:com.nurseryadministrator.testscript.TeacherList@4229bb3f]" started-at="2021-06-22T11:41:25 IST" name="viewTeacherDetails" finished-at="2021-06-22T11:41:30 IST" duration-ms="5064" status="PASS">
          <reporter-output>
          </reporter-output>
        </test-method> <!-- viewTeacherDetails -->
        <test-method is-config="true" signature="testReportResult(org.testng.ITestResult)[pri:0, instance:com.nurseryadministrator.testscript.TeacherList@4229bb3f]" started-at="2021-06-22T11:41:30 IST" name="testReportResult" finished-at="2021-06-22T11:41:31 IST" duration-ms="227" status="PASS">
          <params>
            <param index="0">
              <value>
                <![CDATA[[TestResult name=viewTeacherDetails status=SUCCESS method=TeacherList.viewTeacherDetails()[pri:1, instance:com.nurseryadministrator.testscript.TeacherList@4229bb3f] output={null}]]]>
              </value>
            </param>
          </params>
          <reporter-output>
          </reporter-output>
        </test-method> <!-- testReportResult -->
        <test-method signature="deactivateTeacher()[pri:2, instance:com.nurseryadministrator.testscript.TeacherList@4229bb3f]" started-at="2021-06-22T11:41:31 IST" name="deactivateTeacher" finished-at="2021-06-22T11:41:36 IST" duration-ms="5956" status="PASS">
          <reporter-output>
          </reporter-output>
        </test-method> <!-- deactivateTeacher -->
        <test-method is-config="true" signature="testReportResult(org.testng.ITestResult)[pri:0, instance:com.nurseryadministrator.testscript.TeacherList@4229bb3f]" started-at="2021-06-22T11:41:36 IST" name="testReportResult" finished-at="2021-06-22T11:41:37 IST" duration-ms="165" status="PASS">
          <params>
            <param index="0">
              <value>
                <![CDATA[[TestResult name=deactivateTeacher status=SUCCESS method=TeacherList.deactivateTeacher()[pri:2, instance:com.nurseryadministrator.testscript.TeacherList@4229bb3f] output={null}]]]>
              </value>
            </param>
          </params>
          <reporter-output>
          </reporter-output>
        </test-method> <!-- testReportResult -->
        <test-method signature="activateTeacher()[pri:3, instance:com.nurseryadministrator.testscript.TeacherList@4229bb3f]" started-at="2021-06-22T11:41:37 IST" name="activateTeacher" finished-at="2021-06-22T11:41:44 IST" duration-ms="7166" status="PASS">
          <reporter-output>
          </reporter-output>
        </test-method> <!-- activateTeacher -->
        <test-method is-config="true" signature="testReportResult(org.testng.ITestResult)[pri:0, instance:com.nurseryadministrator.testscript.TeacherList@4229bb3f]" started-at="2021-06-22T11:41:44 IST" name="testReportResult" finished-at="2021-06-22T11:41:44 IST" duration-ms="182" status="PASS">
          <params>
            <param index="0">
              <value>
                <![CDATA[[TestResult name=activateTeacher status=SUCCESS method=TeacherList.activateTeacher()[pri:3, instance:com.nurseryadministrator.testscript.TeacherList@4229bb3f] output={null}]]]>
              </value>
            </param>
          </params>
          <reporter-output>
          </reporter-output>
        </test-method> <!-- testReportResult -->
        <test-method is-config="true" signature="signOut()[pri:0, instance:com.nurseryadministrator.testscript.TeacherList@4229bb3f]" started-at="2021-06-22T11:41:44 IST" name="signOut" finished-at="2021-06-22T11:41:44 IST" duration-ms="214" status="PASS">
          <reporter-output>
          </reporter-output>
        </test-method> <!-- signOut -->
        <test-method is-config="true" signature="tearDown()[pri:0, instance:com.nurseryadministrator.testscript.TeacherList@4229bb3f]" started-at="2021-06-22T11:41:44 IST" name="tearDown" finished-at="2021-06-22T11:41:46 IST" duration-ms="2090" status="PASS">
          <reporter-output>
          </reporter-output>
        </test-method> <!-- tearDown -->
      </class> <!-- com.nurseryadministrator.testscript.TeacherList -->
    </test> <!-- Teacher List -->
  </suite> <!-- Suite -->
</testng-results>
